<?xml version="1.0" encoding="UTF-8"?>
<!-- Generated by org.testng.reporters.JUnitXMLReporter -->
<testsuite ignored="0" hostname="GS-5823" failures="1" tests="2" name="LoginModule" time="22.898" errors="0" timestamp="2023-04-27T17:18:03 IST">
  <testcase classname="smerpTest.LoginPageTest" name="Login" time="2.575"/>
  <testcase classname="smerpTest.LoginPageTest" name="LoginValidation" time="1.667">
    <failure type="java.lang.IllegalArgumentException" message="Input must be set">
      <![CDATA[java.lang.IllegalArgumentException: Input must be set
at org.openqa.selenium.internal.Require.nonNull(Require.java:59)
at org.openqa.selenium.support.ui.FluentWait.<init>(FluentWait.java:97)
at org.openqa.selenium.support.ui.WebDriverWait.<init>(WebDriverWait.java:77)
at org.openqa.selenium.support.ui.WebDriverWait.<init>(WebDriverWait.java:46)
at smerpUtility.Utility.waitVisibilityEle(Utility.java:29)
at smerpTest.LoginPageTest.LoginValidation(LoginPageTest.java:58)
at java.base/java.util.concurrent.ThreadPoolExecutor.runWorker(ThreadPoolExecutor.java:1130)
at java.base/java.util.concurrent.ThreadPoolExecutor$Worker.run(ThreadPoolExecutor.java:630)
at java.base/java.lang.Thread.run(Thread.java:831)
... Removed 12 stack frames]]>
    </failure>
  </testcase> <!-- LoginValidation -->
</testsuite> <!-- LoginModule -->
