<?xml version="1.0" encoding="UTF-8"?>
<testng-results ignored="0" total="2" passed="2" failed="0" skipped="0">
  <reporter-output>
  </reporter-output>
  <suite started-at="2023-04-27T16:37:15 IST" name="Default suite" finished-at="2023-04-27T16:37:39 IST" duration-ms="23510">
    <groups>
    </groups>
    <test started-at="2023-04-27T16:37:15 IST" name="Default test" finished-at="2023-04-27T16:37:39 IST" duration-ms="23510">
      <class name="smerpBase.Base">
        <test-method is-config="true" signature="init()[pri:0, instance:smerpBase.Base@52af26ee]" started-at="2023-04-27T16:37:15 IST" name="init" finished-at="2023-04-27T16:37:25 IST" duration-ms="9405" status="PASS">
          <reporter-output>
          </reporter-output>
        </test-method> <!-- init -->
        <test-method signature="Login()[pri:0, instance:smerpBase.Base@52af26ee]" started-at="2023-04-27T16:37:25 IST" name="Login" finished-at="2023-04-27T16:37:27 IST" duration-ms="2512" status="PASS">
          <reporter-output>
          </reporter-output>
        </test-method> <!-- Login -->
        <test-method is-config="true" signature="teardown()[pri:0, instance:smerpBase.Base@52af26ee]" started-at="2023-04-27T16:37:27 IST" name="teardown" finished-at="2023-04-27T16:37:28 IST" duration-ms="979" status="PASS">
          <reporter-output>
          </reporter-output>
        </test-method> <!-- teardown -->
        <test-method is-config="true" signature="init()[pri:0, instance:smerpBase.Base@52af26ee]" started-at="2023-04-27T16:37:28 IST" name="init" finished-at="2023-04-27T16:37:36 IST" duration-ms="7486" status="PASS">
          <reporter-output>
          </reporter-output>
        </test-method> <!-- init -->
        <test-method signature="LoginValidation()[pri:0, instance:smerpBase.Base@52af26ee]" started-at="2023-04-27T16:37:36 IST" name="LoginValidation" finished-at="2023-04-27T16:37:38 IST" depends-on-methods="smerpBase.Base.Login" duration-ms="2204" status="PASS">
          <reporter-output>
          </reporter-output>
        </test-method> <!-- LoginValidation -->
        <test-method is-config="true" signature="teardown()[pri:0, instance:smerpBase.Base@52af26ee]" started-at="2023-04-27T16:37:38 IST" name="teardown" finished-at="2023-04-27T16:37:39 IST" duration-ms="878" status="PASS">
          <reporter-output>
          </reporter-output>
        </test-method> <!-- teardown -->
      </class> <!-- smerpBase.Base -->
    </test> <!-- Default test -->
  </suite> <!-- Default suite -->
</testng-results>
